{"level":"info","message":"Test Case Started : Verify Book Store Login"}
{"level":"info","message":"Executing Step : Navigate to Application"}
{"level":"info","message":"Test Case Completed : Verify Book Store Login Status : failed"}
{"level":"info","message":"Test Case Started : Verify Book Store Login"}
{"level":"info","message":"Executing Step : Navigate to Application"}
{"level":"info","message":"Test Case Completed : Verify Book Store Login Status : failed"}
{"level":"info","message":"Test Case Started : Verify Book Store Login"}
{"level":"info","message":"Executing Step : Navigate to Application"}
{"level":"info","message":"Test Case Completed : Verify Book Store Login Status : failed"}
{"level":"info","message":"Test Case Started : Connect to Postgres DB"}
{"level":"info","message":"Test Case Started : getUsers"}
{"level":"info","message":"Test Case Started : postUsers"}
{"level":"info","message":"Test Case Completed : Connect to Postgres DB Status : failed"}
{"level":"info","message":"Test Case Completed : getUsers Status : failed"}
{"level":"info","message":"Test Case Completed : postUsers Status : failed"}
{"level":"info","message":"Test Case Started : Verify Page Accessibility"}
{"level":"info","message":"Test Case Started : Verify Elements Page."}
{"level":"info","message":"Test Case Started : Verify Elements Page"}
{"level":"info","message":"Test Case Started : Verify Alerts, Frame & Windows Page"}
{"level":"info","message":"Test Case Completed : Verify Elements Page Status : failed"}
{"level":"info","message":"Test Case Completed : Verify Elements Page. Status : failed"}
{"level":"info","message":"Test Case Completed : Verify Alerts, Frame & Windows Page Status : failed"}
{"level":"info","message":"Test Case Started : Verify Book Store Login"}
{"level":"info","message":"Test Case Started : Generate and verify HAR file for Login Page."}
{"level":"info","message":"Test Case Started : Verify Interactions Page"}
{"level":"info","message":"Executing Step : Navigate to Application"}
{"level":"info","message":"Test Case Completed : Generate and verify HAR file for Login Page. Status : failed"}
{"level":"info","message":"Test Case Completed : Verify Interactions Page Status : failed"}
{"level":"info","message":"Test Case Completed : Verify Book Store Login Status : failed"}
{"level":"info","message":"Test Case Completed : Verify Page Accessibility Status : passed"}
{"level":"info","message":"Test Case Started : Verify the text contents of PDF file."}
{"level":"info","message":"Test Case Started : Verify Elements Page."}
{"level":"info","message":"Test Case Started : Verify Widgets Page"}
{"level":"info","message":"Test Case Completed : Verify Elements Page. Status : failed"}
{"level":"info","message":"Test Case Completed : Verify Widgets Page Status : failed"}
{"level":"info","message":"Test Case Started : Verify Page Accessibility"}
{"level":"info","message":"Test Case Completed : Verify the text contents of PDF file. Status : passed"}
{"level":"info","message":"Test Case Completed : Verify Page Accessibility Status : failed"}
{"level":"info","message":"Test Case Started : getUsers"}
{"level":"info","message":"Test Case Started : postUsers"}
{"level":"info","message":"Test Case Started : Connect to Postgres DB"}
{"level":"info","message":"Test Case Completed : postUsers Status : failed"}
{"level":"info","message":"Test Case Completed : getUsers Status : failed"}
{"level":"info","message":"Test Case Completed : Connect to Postgres DB Status : failed"}
{"level":"info","message":"Test Case Started : Verify Elements Page."}
{"level":"info","message":"Test Case Completed : Verify Elements Page. Status : failed"}
{"level":"info","message":"Test Case Started : Verify Alerts, Frame & Windows Page"}
{"level":"info","message":"Test Case Started : Verify Elements Page"}
{"level":"info","message":"Test Case Started : Generate and verify HAR file for Login Page."}
{"level":"info","message":"Test Case Completed : Verify Alerts, Frame & Windows Page Status : failed"}
{"level":"info","message":"Test Case Completed : Verify Elements Page Status : failed"}
{"level":"info","message":"Test Case Completed : Generate and verify HAR file for Login Page. Status : failed"}
{"level":"info","message":"Test Case Started : Verify Interactions Page"}
{"level":"info","message":"Test Case Completed : Verify Interactions Page Status : failed"}
{"level":"info","message":"Test Case Started : Verify Book Store Login"}
{"level":"info","message":"Test Case Started : Verify the text contents of PDF file."}
{"level":"info","message":"Test Case Started : Verify Widgets Page"}
{"level":"info","message":"Test Case Completed : Verify Book Store Login Status : failed"}
{"level":"info","message":"Test Case Completed : Verify the text contents of PDF file. Status : failed"}
{"level":"info","message":"Test Case Completed : Verify Widgets Page Status : failed"}
{"level":"info","message":"Test Case Started : Verify Elements Page."}
{"level":"info","message":"Test Case Completed : Verify Elements Page. Status : failed"}
{"level":"info","message":"Test Case Started : postUsers"}
{"level":"info","message":"Test Case Started : getUsers"}
{"level":"info","message":"Test Case Completed : postUsers Status : failed"}
{"level":"info","message":"Test Case Completed : getUsers Status : failed"}
{"level":"info","message":"Test Case Started : Verify Page Accessibility"}
{"level":"info","message":"Test Case Started : Connect to Postgres DB"}
{"level":"info","message":"Test Case Completed : Verify Page Accessibility Status : failed"}
{"level":"info","message":"Test Case Completed : Connect to Postgres DB Status : failed"}
{"level":"info","message":"Test Case Started : Verify Alerts, Frame & Windows Page"}
{"level":"info","message":"Test Case Started : Verify Elements Page."}
{"level":"info","message":"Test Case Completed : Verify Elements Page. Status : failed"}
{"level":"info","message":"Test Case Completed : Verify Alerts, Frame & Windows Page Status : failed"}
{"level":"info","message":"Test Case Started : Verify Elements Page"}
{"level":"info","message":"Test Case Completed : Verify Elements Page Status : failed"}
{"level":"info","message":"Test Case Started : Generate and verify HAR file for Login Page."}
{"level":"info","message":"Test Case Completed : Generate and verify HAR file for Login Page. Status : failed"}
{"level":"info","message":"Test Case Started : Verify Book Store Login"}
{"level":"info","message":"Test Case Started : Verify Interactions Page"}
{"level":"info","message":"Test Case Completed : Verify Book Store Login Status : failed"}
{"level":"info","message":"Test Case Completed : Verify Interactions Page Status : failed"}
{"level":"info","message":"Test Case Started : Verify the text contents of PDF file."}
{"level":"info","message":"Test Case Completed : Verify the text contents of PDF file. Status : failed"}
{"level":"info","message":"Test Case Started : Verify Widgets Page"}
{"level":"info","message":"Test Case Completed : Verify Widgets Page Status : failed"}
{"level":"info","message":"Test Case Started : getUsers"}
{"level":"info","message":"Test Case Started : Verify Page Accessibility"}
{"level":"info","message":"Test Case Started : Verify Elements Page."}
{"level":"info","message":"Test Case Completed : Verify Elements Page. Status : failed"}
{"level":"info","message":"Test Case Started : postUsers"}
{"level":"info","message":"Test Case Completed : getUsers Status : failed"}
{"level":"info","message":"Test Case Completed : postUsers Status : failed"}
{"level":"info","message":"Test Case Started : Connect to Postgres DB"}
{"level":"info","message":"Test Case Completed : Connect to Postgres DB Status : failed"}
{"level":"info","message":"Test Case Started : Verify Elements Page."}
{"level":"info","message":"Test Case Started : Verify Alerts, Frame & Windows Page"}
{"level":"info","message":"Test Case Started : Verify Elements Page"}
{"level":"info","message":"Test Case Completed : Verify Elements Page. Status : failed"}
{"level":"info","message":"Test Case Completed : Verify Alerts, Frame & Windows Page Status : failed"}
{"level":"info","message":"Test Case Completed : Verify Elements Page Status : failed"}
{"level":"info","message":"Test Case Started : Verify Interactions Page"}
{"level":"info","message":"Test Case Started : Generate and verify HAR file for Login Page."}
{"level":"info","message":"Test Case Started : Verify Book Store Login"}
{"level":"info","message":"Test Case Completed : Generate and verify HAR file for Login Page. Status : failed"}
{"level":"info","message":"Test Case Completed : Verify Interactions Page Status : failed"}
{"level":"info","message":"Test Case Completed : Verify Page Accessibility Status : passed"}
{"level":"info","message":"Test Case Started : Verify Elements Page."}
{"level":"info","message":"Executing Step : Navigate to Application"}
{"level":"info","message":"Test Case Started : Verify the text contents of PDF file."}
{"level":"info","message":"Test Case Started : Verify Widgets Page"}
{"level":"info","message":"Test Case Completed : Verify Book Store Login Status : failed"}
{"level":"info","message":"Test Case Started : Verify Page Accessibility"}
{"level":"info","message":"Test Case Completed : Verify Widgets Page Status : failed"}
{"level":"info","message":"Test Case Completed : Verify Page Accessibility Status : failed"}
{"level":"info","message":"Test Case Completed : Verify the text contents of PDF file. Status : passed"}
{"level":"info","message":"Test Case Completed : Verify Elements Page. Status : failed"}
{"level":"info","message":"Test Case Started : getUsers"}
{"level":"info","message":"Test Case Started : postUsers"}
{"level":"info","message":"Test Case Started : Connect to Postgres DB"}
{"level":"info","message":"Test Case Completed : Connect to Postgres DB Status : failed"}
{"level":"info","message":"Test Case Completed : getUsers Status : failed"}
{"level":"info","message":"Test Case Completed : postUsers Status : failed"}
{"level":"info","message":"Test Case Started : Verify Elements Page."}
{"level":"info","message":"Test Case Completed : Verify Elements Page. Status : failed"}
{"level":"info","message":"Test Case Started : Verify Alerts, Frame & Windows Page"}
{"level":"info","message":"Test Case Completed : Verify Alerts, Frame & Windows Page Status : failed"}
{"level":"info","message":"Test Case Started : Verify Elements Page"}
{"level":"info","message":"Test Case Started : Generate and verify HAR file for Login Page."}
{"level":"info","message":"Test Case Completed : Generate and verify HAR file for Login Page. Status : failed"}
{"level":"info","message":"Test Case Completed : Verify Elements Page Status : failed"}
{"level":"info","message":"Test Case Started : Verify Interactions Page"}
{"level":"info","message":"Test Case Completed : Verify Interactions Page Status : failed"}
{"level":"info","message":"Test Case Started : Verify Book Store Login"}
{"level":"info","message":"Test Case Completed : Verify Book Store Login Status : failed"}
{"level":"info","message":"Test Case Started : Verify the text contents of PDF file."}
{"level":"info","message":"Test Case Started : Verify Widgets Page"}
{"level":"info","message":"Test Case Completed : Verify the text contents of PDF file. Status : failed"}
{"level":"info","message":"Test Case Completed : Verify Widgets Page Status : failed"}
{"level":"info","message":"Test Case Started : Verify Elements Page."}
{"level":"info","message":"Test Case Completed : Verify Elements Page. Status : failed"}
{"level":"info","message":"Test Case Started : getUsers"}
{"level":"info","message":"Test Case Started : postUsers"}
{"level":"info","message":"Test Case Completed : getUsers Status : failed"}
{"level":"info","message":"Test Case Completed : postUsers Status : failed"}
{"level":"info","message":"Test Case Started : Verify Page Accessibility"}
{"level":"info","message":"Test Case Started : Connect to Postgres DB"}
{"level":"info","message":"Test Case Completed : Connect to Postgres DB Status : failed"}
{"level":"info","message":"Test Case Started : Verify Elements Page."}
{"level":"info","message":"Test Case Started : Verify Alerts, Frame & Windows Page"}
{"level":"info","message":"Test Case Started : Verify Elements Page"}
{"level":"info","message":"Test Case Completed : Verify Elements Page. Status : failed"}
{"level":"info","message":"Test Case Completed : Verify Elements Page Status : failed"}
{"level":"info","message":"Test Case Completed : Verify Alerts, Frame & Windows Page Status : failed"}
{"level":"info","message":"Test Case Started : Verify Book Store Login"}
{"level":"info","message":"Test Case Started : Verify Interactions Page"}
{"level":"info","message":"Test Case Started : Generate and verify HAR file for Login Page."}
{"level":"info","message":"Executing Step : Navigate to Application"}
{"level":"info","message":"Test Case Completed : Generate and verify HAR file for Login Page. Status : failed"}
{"level":"info","message":"Test Case Completed : Verify Book Store Login Status : failed"}
{"level":"info","message":"Test Case Completed : Verify Interactions Page Status : failed"}
{"level":"info","message":"Test Case Started : Verify the text contents of PDF file."}
{"level":"info","message":"Test Case Started : Verify Widgets Page"}
{"level":"info","message":"Test Case Started : Verify Elements Page."}
{"level":"info","message":"Test Case Completed : Verify Page Accessibility Status : failed"}
{"level":"info","message":"Test Case Completed : Verify Elements Page. Status : failed"}
{"level":"info","message":"Test Case Completed : Verify Widgets Page Status : failed"}
{"level":"info","message":"Test Case Completed : Verify the text contents of PDF file. Status : passed"}
{"level":"info","message":"Test Case Started : Verify Page Accessibility"}
{"level":"info","message":"Test Case Completed : Verify Page Accessibility Status : failed"}
{"level":"info","message":"Test Case Started : postUsers"}
{"level":"info","message":"Test Case Started : getUsers"}
{"level":"info","message":"Test Case Started : Connect to Postgres DB"}
{"level":"info","message":"Test Case Completed : postUsers Status : failed"}
{"level":"info","message":"Test Case Completed : getUsers Status : failed"}
{"level":"info","message":"Test Case Completed : Connect to Postgres DB Status : failed"}
{"level":"info","message":"Test Case Started : Verify Elements Page."}
{"level":"info","message":"Test Case Completed : Verify Elements Page. Status : failed"}
{"level":"info","message":"Test Case Started : Verify Alerts, Frame & Windows Page"}
{"level":"info","message":"Test Case Started : Verify Elements Page"}
{"level":"info","message":"Test Case Started : Generate and verify HAR file for Login Page."}
{"level":"info","message":"Test Case Completed : Verify Alerts, Frame & Windows Page Status : failed"}
{"level":"info","message":"Test Case Completed : Verify Elements Page Status : failed"}
{"level":"info","message":"Test Case Completed : Generate and verify HAR file for Login Page. Status : failed"}
{"level":"info","message":"Test Case Started : Verify Interactions Page"}
{"level":"info","message":"Test Case Completed : Verify Interactions Page Status : failed"}
{"level":"info","message":"Test Case Started : Verify Book Store Login"}
{"level":"info","message":"Test Case Started : Verify the text contents of PDF file."}
{"level":"info","message":"Test Case Completed : Verify Book Store Login Status : failed"}
{"level":"info","message":"Test Case Started : Verify Widgets Page"}
{"level":"info","message":"Test Case Completed : Verify the text contents of PDF file. Status : failed"}
{"level":"info","message":"Test Case Completed : Verify Widgets Page Status : failed"}
{"level":"info","message":"Test Case Started : Verify Elements Page."}
{"level":"info","message":"Test Case Completed : Verify Elements Page. Status : failed"}
{"level":"info","message":"Test Case Started : postUsers"}
{"level":"info","message":"Test Case Started : getUsers"}
{"level":"info","message":"Test Case Completed : postUsers Status : failed"}
{"level":"info","message":"Test Case Completed : getUsers Status : failed"}
{"level":"info","message":"Test Case Started : Verify Page Accessibility"}
{"level":"info","message":"Test Case Completed : Verify Page Accessibility Status : failed"}
{"level":"info","message":"Test Case Started : Connect to Postgres DB"}
{"level":"info","message":"Test Case Completed : Connect to Postgres DB Status : failed"}
{"level":"info","message":"Test Case Started : Verify Elements Page."}
{"level":"info","message":"Test Case Completed : Verify Elements Page. Status : failed"}
{"level":"info","message":"Test Case Started : Verify Alerts, Frame & Windows Page"}
{"level":"info","message":"Test Case Completed : Verify Alerts, Frame & Windows Page Status : failed"}
{"level":"info","message":"Test Case Started : Verify Elements Page"}
{"level":"info","message":"Test Case Completed : Verify Elements Page Status : failed"}
{"level":"info","message":"Test Case Started : Generate and verify HAR file for Login Page."}
{"level":"info","message":"Test Case Completed : Generate and verify HAR file for Login Page. Status : failed"}
{"level":"info","message":"Test Case Started : Verify Interactions Page"}
{"level":"info","message":"Test Case Completed : Verify Interactions Page Status : failed"}
{"level":"info","message":"Test Case Started : Verify Book Store Login"}
{"level":"info","message":"Test Case Completed : Verify Book Store Login Status : failed"}
{"level":"info","message":"Test Case Started : Verify the text contents of PDF file."}
{"level":"info","message":"Test Case Completed : Verify the text contents of PDF file. Status : failed"}
{"level":"info","message":"Test Case Started : Verify Widgets Page"}
{"level":"info","message":"Test Case Completed : Verify Widgets Page Status : failed"}
{"level":"info","message":"Test Case Started : Verify Elements Page."}
{"level":"info","message":"Test Case Completed : Verify Elements Page. Status : failed"}
{"level":"info","message":"Test Case Started : Generate and verify HAR file for Login Page."}
{"level":"info","message":"Test Case Completed : Generate and verify HAR file for Login Page. Status : failed"}
{"level":"info","message":"Test Case Started : getUsers"}
{"level":"info","message":"Test Case Started : postUsers"}
{"level":"info","message":"Test Case Started : Connect to Postgres DB"}
{"level":"info","message":"Test Case Completed : Connect to Postgres DB Status : failed"}
{"level":"info","message":"Test Case Completed : postUsers Status : failed"}
{"level":"info","message":"Test Case Completed : getUsers Status : failed"}
{"level":"info","message":"Test Case Started : Verify Page Accessibility"}
{"level":"info","message":"Test Case Started : Verify Elements Page."}
{"level":"info","message":"Test Case Started : Verify Alerts, Frame & Windows Page"}
{"level":"info","message":"Test Case Started : Verify Elements Page"}
{"level":"info","message":"Test Case Completed : Verify Alerts, Frame & Windows Page Status : failed"}
{"level":"info","message":"Test Case Completed : Verify Elements Page Status : failed"}
{"level":"info","message":"Test Case Completed : Verify Elements Page. Status : failed"}
{"level":"info","message":"Test Case Started : Generate and verify HAR file for Login Page."}
{"level":"info","message":"Test Case Started : Verify Interactions Page"}
{"level":"info","message":"Test Case Started : Verify Book Store Login"}
{"level":"info","message":"Test Case Completed : Verify Interactions Page Status : failed"}
{"level":"info","message":"Test Case Completed : Generate and verify HAR file for Login Page. Status : failed"}
{"level":"info","message":"Executing Step : Navigate to Application"}
{"level":"info","message":"Test Case Completed : Verify Book Store Login Status : failed"}
{"level":"info","message":"Test Case Completed : Verify Page Accessibility Status : passed"}
{"level":"info","message":"Test Case Started : Verify the text contents of PDF file."}
{"level":"info","message":"Test Case Started : Verify Widgets Page"}
{"level":"info","message":"Test Case Started : Verify Elements Page."}
{"level":"info","message":"Test Case Completed : Verify Widgets Page Status : failed"}
{"level":"info","message":"Test Case Completed : Verify the text contents of PDF file. Status : passed"}
{"level":"info","message":"Test Case Started : Verify Page Accessibility"}
{"level":"info","message":"Test Case Completed : Verify Elements Page. Status : failed"}
{"level":"info","message":"Test Case Completed : Verify Page Accessibility Status : failed"}
{"level":"info","message":"Test Case Started : getUsers"}
{"level":"info","message":"Test Case Started : postUsers"}
{"level":"info","message":"Test Case Completed : getUsers Status : failed"}
{"level":"info","message":"Test Case Completed : postUsers Status : failed"}
{"level":"info","message":"Test Case Started : Connect to Postgres DB"}
{"level":"info","message":"Test Case Completed : Connect to Postgres DB Status : failed"}
{"level":"info","message":"Test Case Started : Verify Elements Page."}
{"level":"info","message":"Test Case Completed : Verify Elements Page. Status : failed"}
{"level":"info","message":"Test Case Started : Verify Alerts, Frame & Windows Page"}
{"level":"info","message":"Test Case Completed : Verify Alerts, Frame & Windows Page Status : failed"}
{"level":"info","message":"Test Case Started : Verify Elements Page"}
{"level":"info","message":"Test Case Completed : Verify Elements Page Status : failed"}
{"level":"info","message":"Test Case Started : Generate and verify HAR file for Login Page."}
{"level":"info","message":"Test Case Completed : Generate and verify HAR file for Login Page. Status : failed"}
{"level":"info","message":"Test Case Started : Verify Interactions Page"}
{"level":"info","message":"Test Case Completed : Verify Interactions Page Status : failed"}
{"level":"info","message":"Test Case Started : Verify Book Store Login"}
{"level":"info","message":"Test Case Started : Verify the text contents of PDF file."}
{"level":"info","message":"Test Case Completed : Verify Book Store Login Status : failed"}
{"level":"info","message":"Test Case Completed : Verify the text contents of PDF file. Status : failed"}
{"level":"info","message":"Test Case Started : Verify Widgets Page"}
{"level":"info","message":"Test Case Completed : Verify Widgets Page Status : failed"}
{"level":"info","message":"Test Case Started : Verify Elements Page."}
{"level":"info","message":"Test Case Completed : Verify Elements Page. Status : failed"}
{"level":"info","message":"Test Case Started : getUsers"}
{"level":"info","message":"Test Case Completed : getUsers Status : failed"}
{"level":"info","message":"Test Case Started : postUsers"}
{"level":"info","message":"Test Case Completed : postUsers Status : failed"}
{"level":"info","message":"Test Case Started : Verify Page Accessibility"}
{"level":"info","message":"Test Case Completed : Verify Page Accessibility Status : failed"}
{"level":"info","message":"Test Case Started : Connect to Postgres DB"}
{"level":"info","message":"Test Case Completed : Connect to Postgres DB Status : failed"}
{"level":"info","message":"Test Case Started : Verify Elements Page."}
{"level":"info","message":"Test Case Completed : Verify Elements Page. Status : failed"}
{"level":"info","message":"Test Case Started : Verify Alerts, Frame & Windows Page"}
{"level":"info","message":"Test Case Completed : Verify Alerts, Frame & Windows Page Status : failed"}
{"level":"info","message":"Test Case Started : Verify Elements Page"}
{"level":"info","message":"Test Case Completed : Verify Elements Page Status : failed"}
{"level":"info","message":"Test Case Started : Generate and verify HAR file for Login Page."}
{"level":"info","message":"Test Case Completed : Generate and verify HAR file for Login Page. Status : failed"}
{"level":"info","message":"Test Case Started : Verify Interactions Page"}
{"level":"info","message":"Test Case Completed : Verify Interactions Page Status : failed"}
{"level":"info","message":"Test Case Started : Verify Book Store Login"}
{"level":"info","message":"Test Case Started : Verify the text contents of PDF file."}
{"level":"info","message":"Test Case Completed : Verify Book Store Login Status : failed"}
{"level":"info","message":"Test Case Completed : Verify the text contents of PDF file. Status : failed"}
{"level":"info","message":"Test Case Started : Verify Widgets Page"}
{"level":"info","message":"Test Case Completed : Verify Widgets Page Status : failed"}
{"level":"info","message":"Test Case Started : getUsers"}
{"level":"info","message":"Test Case Completed : getUsers Status : failed"}
{"level":"info","message":"Test Case Started : Verify Elements Page."}
{"level":"info","message":"Test Case Completed : Verify Elements Page. Status : failed"}
{"level":"info","message":"Test Case Started : postUsers"}
{"level":"info","message":"Test Case Started : Verify Page Accessibility"}
{"level":"info","message":"Test Case Completed : postUsers Status : failed"}
{"level":"info","message":"Test Case Started : Connect to Postgres DB"}
{"level":"info","message":"Test Case Completed : Connect to Postgres DB Status : failed"}
{"level":"info","message":"Test Case Started : Verify Elements Page."}
{"level":"info","message":"Test Case Started : Verify Alerts, Frame & Windows Page"}
{"level":"info","message":"Test Case Started : Verify Elements Page"}
{"level":"info","message":"Test Case Completed : Verify Elements Page. Status : failed"}
{"level":"info","message":"Test Case Completed : Verify Alerts, Frame & Windows Page Status : failed"}
{"level":"info","message":"Test Case Completed : Verify Elements Page Status : failed"}
{"level":"info","message":"Test Case Started : Generate and verify HAR file for Login Page."}
{"level":"info","message":"Test Case Started : Verify Interactions Page"}
{"level":"info","message":"Test Case Completed : Verify Page Accessibility Status : passed"}
{"level":"info","message":"Test Case Started : Verify the text contents of PDF file."}
{"level":"info","message":"Test Case Started : Verify Book Store Login"}
{"level":"info","message":"Test Case Completed : Verify the text contents of PDF file. Status : passed"}
{"level":"info","message":"Test Case Started : Verify Widgets Page"}
{"level":"info","message":"Executing Step : Navigate to Application"}
{"level":"info","message":"Test Case Completed : Generate and verify HAR file for Login Page. Status : failed"}
{"level":"info","message":"Test Case Completed : Verify Interactions Page Status : failed"}
{"level":"info","message":"Test Case Completed : Verify Book Store Login Status : failed"}
{"level":"info","message":"Test Case Started : getUsers"}
{"level":"info","message":"Test Case Completed : getUsers Status : failed"}
{"level":"info","message":"Test Case Started : Verify Elements Page."}
{"level":"info","message":"Test Case Started : Verify Page Accessibility"}
{"level":"info","message":"Test Case Completed : Verify Page Accessibility Status : failed"}
{"level":"info","message":"Test Case Started : postUsers"}
{"level":"info","message":"Test Case Completed : postUsers Status : failed"}
{"level":"info","message":"Test Case Started : Connect to Postgres DB"}
{"level":"info","message":"Test Case Completed : Verify Widgets Page Status : failed"}
{"level":"info","message":"Test Case Completed : Connect to Postgres DB Status : failed"}
{"level":"info","message":"Test Case Completed : Verify Elements Page. Status : failed"}
{"level":"info","message":"Test Case Started : Verify Elements Page."}
{"level":"info","message":"Test Case Started : Verify Elements Page"}
{"level":"info","message":"Test Case Completed : Verify Elements Page. Status : failed"}
{"level":"info","message":"Test Case Started : Verify Alerts, Frame & Windows Page"}
{"level":"info","message":"Test Case Completed : Verify Elements Page Status : failed"}
{"level":"info","message":"Test Case Completed : Verify Alerts, Frame & Windows Page Status : failed"}
{"level":"info","message":"Test Case Started : Generate and verify HAR file for Login Page."}
{"level":"info","message":"Test Case Completed : Generate and verify HAR file for Login Page. Status : failed"}
{"level":"info","message":"Test Case Started : Verify Interactions Page"}
{"level":"info","message":"Test Case Completed : Verify Interactions Page Status : failed"}
{"level":"info","message":"Test Case Started : Verify Book Store Login"}
{"level":"info","message":"Test Case Started : Verify the text contents of PDF file."}
{"level":"info","message":"Test Case Completed : Verify Book Store Login Status : failed"}
{"level":"info","message":"Test Case Completed : Verify the text contents of PDF file. Status : failed"}
{"level":"info","message":"Test Case Started : Verify Widgets Page"}
{"level":"info","message":"Test Case Completed : Verify Widgets Page Status : failed"}
{"level":"info","message":"Test Case Started : getUsers"}
{"level":"info","message":"Test Case Completed : getUsers Status : failed"}
{"level":"info","message":"Test Case Started : Verify Elements Page."}
{"level":"info","message":"Test Case Completed : Verify Elements Page. Status : failed"}
{"level":"info","message":"Test Case Started : Verify Page Accessibility"}
{"level":"info","message":"Test Case Started : postUsers"}
{"level":"info","message":"Test Case Completed : postUsers Status : failed"}
{"level":"info","message":"Test Case Started : Connect to Postgres DB"}
{"level":"info","message":"Test Case Completed : Connect to Postgres DB Status : failed"}
{"level":"info","message":"Test Case Started : Verify Elements Page."}
{"level":"info","message":"Test Case Started : Verify Alerts, Frame & Windows Page"}
{"level":"info","message":"Test Case Started : Verify Elements Page"}
{"level":"info","message":"Test Case Completed : Verify Elements Page. Status : failed"}
{"level":"info","message":"Test Case Completed : Verify Elements Page Status : failed"}
{"level":"info","message":"Test Case Completed : Verify Alerts, Frame & Windows Page Status : failed"}
{"level":"info","message":"Test Case Started : Generate and verify HAR file for Login Page."}
{"level":"info","message":"Test Case Started : Verify Interactions Page"}
{"level":"info","message":"Test Case Started : Verify Book Store Login"}
{"level":"info","message":"Executing Step : Navigate to Application"}
{"level":"info","message":"Test Case Completed : Generate and verify HAR file for Login Page. Status : failed"}
{"level":"info","message":"Test Case Completed : Verify Book Store Login Status : failed"}
{"level":"info","message":"Test Case Completed : Verify Interactions Page Status : failed"}
{"level":"info","message":"Test Case Started : Verify the text contents of PDF file."}
{"level":"info","message":"Test Case Started : Verify Widgets Page"}
{"level":"info","message":"Test Case Started : Verify Elements Page."}
{"level":"info","message":"Test Case Completed : Verify Widgets Page Status : failed"}
{"level":"info","message":"Test Case Completed : Verify Elements Page. Status : failed"}
{"level":"info","message":"Test Case Completed : Verify the text contents of PDF file. Status : passed"}
{"level":"info","message":"Test Case Completed : Verify Page Accessibility Status : failed"}
{"level":"info","message":"Test Case Started : getUsers"}
{"level":"info","message":"Test Case Completed : getUsers Status : failed"}
{"level":"info","message":"Test Case Started : postUsers"}
{"level":"info","message":"Test Case Completed : postUsers Status : failed"}
{"level":"info","message":"Test Case Started : Verify Page Accessibility"}
{"level":"info","message":"Test Case Completed : Verify Page Accessibility Status : failed"}
{"level":"info","message":"Test Case Started : Connect to Postgres DB"}
{"level":"info","message":"Test Case Completed : Connect to Postgres DB Status : failed"}
{"level":"info","message":"Test Case Started : Verify Elements Page."}
{"level":"info","message":"Test Case Completed : Verify Elements Page. Status : failed"}
{"level":"info","message":"Test Case Started : Verify Alerts, Frame & Windows Page"}
{"level":"info","message":"Test Case Completed : Verify Alerts, Frame & Windows Page Status : failed"}
{"level":"info","message":"Test Case Started : Verify Elements Page"}
{"level":"info","message":"Test Case Completed : Verify Elements Page Status : failed"}
{"level":"info","message":"Test Case Started : Generate and verify HAR file for Login Page."}
{"level":"info","message":"Test Case Completed : Generate and verify HAR file for Login Page. Status : failed"}
{"level":"info","message":"Test Case Started : Verify Interactions Page"}
{"level":"info","message":"Test Case Completed : Verify Interactions Page Status : failed"}
{"level":"info","message":"Test Case Started : Verify Book Store Login"}
{"level":"info","message":"Test Case Completed : Verify Book Store Login Status : failed"}
{"level":"info","message":"Test Case Started : Verify the text contents of PDF file."}
{"level":"info","message":"Test Case Completed : Verify the text contents of PDF file. Status : failed"}
{"level":"info","message":"Test Case Started : Verify Widgets Page"}
{"level":"info","message":"Test Case Completed : Verify Widgets Page Status : failed"}
{"level":"info","message":"Test Case Started : getUsers"}
{"level":"info","message":"Test Case Started : Verify Elements Page."}
{"level":"info","message":"Test Case Completed : getUsers Status : failed"}
{"level":"info","message":"Test Case Completed : Verify Elements Page. Status : failed"}
{"level":"info","message":"Test Case Started : postUsers"}
{"level":"info","message":"Test Case Started : Verify Page Accessibility"}
{"level":"info","message":"Test Case Completed : Verify Page Accessibility Status : failed"}
{"level":"info","message":"Test Case Completed : postUsers Status : failed"}
{"level":"info","message":"Test Case Started : Connect to Postgres DB"}
{"level":"info","message":"Test Case Completed : Connect to Postgres DB Status : failed"}
{"level":"info","message":"Test Case Started : Verify Elements Page."}
{"level":"info","message":"Test Case Completed : Verify Elements Page. Status : failed"}
{"level":"info","message":"Test Case Started : Verify Alerts, Frame & Windows Page"}
{"level":"info","message":"Test Case Started : Verify Elements Page"}
{"level":"info","message":"Test Case Completed : Verify Alerts, Frame & Windows Page Status : failed"}
{"level":"info","message":"Test Case Completed : Verify Elements Page Status : failed"}
{"level":"info","message":"Test Case Started : Generate and verify HAR file for Login Page."}
{"level":"info","message":"Test Case Completed : Generate and verify HAR file for Login Page. Status : failed"}
{"level":"info","message":"Test Case Started : Verify Interactions Page"}
{"level":"info","message":"Test Case Completed : Verify Interactions Page Status : failed"}
{"level":"info","message":"Test Case Started : Verify the text contents of PDF file."}
{"level":"info","message":"Test Case Started : Verify Book Store Login"}
{"level":"info","message":"Test Case Completed : Verify the text contents of PDF file. Status : failed"}
{"level":"info","message":"Test Case Completed : Verify Book Store Login Status : failed"}
{"level":"info","message":"Test Case Started : Verify Widgets Page"}
{"level":"info","message":"Test Case Completed : Verify Widgets Page Status : failed"}
{"level":"info","message":"Test Case Started : Verify Elements Page."}
{"level":"info","message":"Test Case Completed : Verify Elements Page. Status : failed"}
{"level":"info","message":"Test Case Started : Connect to Postgres DB"}
{"level":"info","message":"Test Case Started : getUsers"}
{"level":"info","message":"Test Case Started : postUsers"}
{"level":"info","message":"Test Case Completed : Connect to Postgres DB Status : failed"}
{"level":"info","message":"Test Case Completed : getUsers Status : failed"}
{"level":"info","message":"Test Case Completed : postUsers Status : failed"}
{"level":"info","message":"Test Case Started : Verify Page Accessibility"}
{"level":"info","message":"Test Case Started : Verify Elements Page."}
{"level":"info","message":"Test Case Started : Verify Alerts, Frame & Windows Page"}
{"level":"info","message":"Test Case Started : Verify Elements Page"}
{"level":"info","message":"Test Case Completed : Verify Alerts, Frame & Windows Page Status : failed"}
{"level":"info","message":"Test Case Completed : Verify Elements Page. Status : failed"}
{"level":"info","message":"Test Case Completed : Verify Elements Page Status : failed"}
{"level":"info","message":"Test Case Started : Generate and verify HAR file for Login Page."}
{"level":"info","message":"Test Case Started : Verify Interactions Page"}
{"level":"info","message":"Test Case Started : Verify Book Store Login"}
{"level":"info","message":"Executing Step : Navigate to Application"}
{"level":"info","message":"Test Case Completed : Verify Interactions Page Status : failed"}
{"level":"info","message":"Test Case Completed : Verify Book Store Login Status : failed"}
{"level":"info","message":"Test Case Completed : Generate and verify HAR file for Login Page. Status : failed"}
{"level":"info","message":"Test Case Started : Verify the text contents of PDF file."}
{"level":"info","message":"Test Case Started : Verify Widgets Page"}
{"level":"info","message":"Test Case Started : Verify Elements Page."}
{"level":"info","message":"Test Case Completed : Verify Elements Page. Status : failed"}
{"level":"info","message":"Test Case Completed : Verify Widgets Page Status : failed"}
{"level":"info","message":"Test Case Completed : Verify the text contents of PDF file. Status : passed"}
{"level":"info","message":"Test Case Completed : Verify Page Accessibility Status : passed"}
{"level":"info","message":"Test Case Started : getUsers"}
{"level":"info","message":"Test Case Started : postUsers"}
{"level":"info","message":"Test Case Completed : getUsers Status : failed"}
{"level":"info","message":"Test Case Completed : postUsers Status : failed"}
{"level":"info","message":"Test Case Started : Verify Page Accessibility"}
{"level":"info","message":"Test Case Completed : Verify Page Accessibility Status : failed"}
{"level":"info","message":"Test Case Started : Connect to Postgres DB"}
{"level":"info","message":"Test Case Completed : Connect to Postgres DB Status : failed"}
{"level":"info","message":"Test Case Started : Verify Elements Page."}
{"level":"info","message":"Test Case Started : Verify Alerts, Frame & Windows Page"}
{"level":"info","message":"Test Case Completed : Verify Elements Page. Status : failed"}
{"level":"info","message":"Test Case Completed : Verify Alerts, Frame & Windows Page Status : failed"}
{"level":"info","message":"Test Case Started : Verify Elements Page"}
{"level":"info","message":"Test Case Completed : Verify Elements Page Status : failed"}
{"level":"info","message":"Test Case Started : Generate and verify HAR file for Login Page."}
{"level":"info","message":"Test Case Completed : Generate and verify HAR file for Login Page. Status : failed"}
{"level":"info","message":"Test Case Started : Verify Interactions Page"}
{"level":"info","message":"Test Case Completed : Verify Interactions Page Status : failed"}
{"level":"info","message":"Test Case Started : Verify Book Store Login"}
{"level":"info","message":"Test Case Completed : Verify Book Store Login Status : failed"}
{"level":"info","message":"Test Case Started : Verify the text contents of PDF file."}
{"level":"info","message":"Test Case Completed : Verify the text contents of PDF file. Status : failed"}
{"level":"info","message":"Test Case Started : Verify Widgets Page"}
{"level":"info","message":"Test Case Completed : Verify Widgets Page Status : failed"}
{"level":"info","message":"Test Case Started : getUsers"}
{"level":"info","message":"Test Case Started : Verify Elements Page."}
{"level":"info","message":"Test Case Started : Verify Page Accessibility"}
{"level":"info","message":"Test Case Completed : getUsers Status : failed"}
{"level":"info","message":"Test Case Completed : Verify Elements Page. Status : failed"}
{"level":"info","message":"Test Case Completed : Verify Page Accessibility Status : failed"}
{"level":"info","message":"Test Case Started : postUsers"}
{"level":"info","message":"Test Case Completed : postUsers Status : failed"}
{"level":"info","message":"Test Case Started : Connect to Postgres DB"}
{"level":"info","message":"Test Case Completed : Connect to Postgres DB Status : failed"}
{"level":"info","message":"Test Case Started : Verify Elements Page."}
{"level":"info","message":"Test Case Started : Verify Alerts, Frame & Windows Page"}
{"level":"info","message":"Test Case Completed : Verify Elements Page. Status : failed"}
{"level":"info","message":"Test Case Completed : Verify Alerts, Frame & Windows Page Status : failed"}
{"level":"info","message":"Test Case Started : Verify Elements Page"}
{"level":"info","message":"Test Case Completed : Verify Elements Page Status : failed"}
{"level":"info","message":"Test Case Started : Generate and verify HAR file for Login Page."}
{"level":"info","message":"Test Case Completed : Generate and verify HAR file for Login Page. Status : failed"}
{"level":"info","message":"Test Case Started : Verify Interactions Page"}
{"level":"info","message":"Test Case Started : Verify Book Store Login"}
{"level":"info","message":"Test Case Completed : Verify Interactions Page Status : failed"}
{"level":"info","message":"Test Case Completed : Verify Book Store Login Status : failed"}
{"level":"info","message":"Test Case Started : Verify the text contents of PDF file."}
{"level":"info","message":"Test Case Completed : Verify the text contents of PDF file. Status : failed"}
{"level":"info","message":"Test Case Started : Verify Widgets Page"}
{"level":"info","message":"Test Case Completed : Verify Widgets Page Status : failed"}
{"level":"info","message":"Test Case Started : Verify Page Accessibility"}
{"level":"info","message":"Test Case Started : Verify Elements Page."}
{"level":"info","message":"Test Case Started : getUsers"}
{"level":"info","message":"Test Case Completed : Verify Elements Page. Status : failed"}
{"level":"info","message":"Test Case Completed : getUsers Status : failed"}
{"level":"info","message":"Test Case Started : postUsers"}
{"level":"info","message":"Test Case Completed : postUsers Status : failed"}
{"level":"info","message":"Test Case Started : Connect to Postgres DB"}
{"level":"info","message":"Test Case Completed : Connect to Postgres DB Status : failed"}
{"level":"info","message":"Test Case Started : Verify Elements Page."}
{"level":"info","message":"Test Case Started : Verify Alerts, Frame & Windows Page"}
{"level":"info","message":"Test Case Started : Verify Elements Page"}
{"level":"info","message":"Test Case Completed : Verify Elements Page. Status : failed"}
{"level":"info","message":"Test Case Completed : Verify Alerts, Frame & Windows Page Status : failed"}
{"level":"info","message":"Test Case Completed : Verify Elements Page Status : failed"}
{"level":"info","message":"Test Case Completed : Verify Page Accessibility Status : passed"}
{"level":"info","message":"Test Case Started : Verify the text contents of PDF file."}
{"level":"info","message":"Test Case Started : Verify Interactions Page"}
{"level":"info","message":"Test Case Started : Verify Book Store Login"}
{"level":"info","message":"Test Case Started : Generate and verify HAR file for Login Page."}
{"level":"info","message":"Test Case Completed : Verify the text contents of PDF file. Status : passed"}
{"level":"info","message":"Test Case Started : Verify Widgets Page"}
{"level":"info","message":"Executing Step : Navigate to Application"}
{"level":"info","message":"Test Case Completed : Verify Interactions Page Status : failed"}
{"level":"info","message":"Test Case Completed : Generate and verify HAR file for Login Page. Status : failed"}
{"level":"info","message":"Test Case Completed : Verify Book Store Login Status : failed"}
{"level":"info","message":"Test Case Completed : Verify Widgets Page Status : failed"}
{"level":"info","message":"Test Case Started : getUsers"}
{"level":"info","message":"Test Case Completed : getUsers Status : failed"}
{"level":"info","message":"Test Case Started : Verify Page Accessibility"}
{"level":"info","message":"Test Case Started : Verify Elements Page."}
{"level":"info","message":"Test Case Completed : Verify Page Accessibility Status : failed"}
{"level":"info","message":"Test Case Started : postUsers"}
{"level":"info","message":"Test Case Completed : postUsers Status : failed"}
{"level":"info","message":"Test Case Started : Connect to Postgres DB"}
{"level":"info","message":"Test Case Completed : Connect to Postgres DB Status : failed"}
{"level":"info","message":"Test Case Started : Verify Elements Page."}
{"level":"info","message":"Test Case Completed : Verify Elements Page. Status : failed"}
{"level":"info","message":"Test Case Completed : Verify Elements Page. Status : failed"}
{"level":"info","message":"Test Case Started : Verify Alerts, Frame & Windows Page"}
{"level":"info","message":"Test Case Started : Verify Elements Page"}
{"level":"info","message":"Test Case Completed : Verify Alerts, Frame & Windows Page Status : failed"}
{"level":"info","message":"Test Case Completed : Verify Elements Page Status : failed"}
{"level":"info","message":"Test Case Started : Generate and verify HAR file for Login Page."}
{"level":"info","message":"Test Case Completed : Generate and verify HAR file for Login Page. Status : failed"}
{"level":"info","message":"Test Case Started : Verify Interactions Page"}
{"level":"info","message":"Test Case Completed : Verify Interactions Page Status : failed"}
{"level":"info","message":"Test Case Started : Verify Book Store Login"}
{"level":"info","message":"Test Case Started : Verify the text contents of PDF file."}
{"level":"info","message":"Test Case Completed : Verify Book Store Login Status : failed"}
{"level":"info","message":"Test Case Completed : Verify the text contents of PDF file. Status : failed"}
{"level":"info","message":"Test Case Started : Verify Widgets Page"}
{"level":"info","message":"Test Case Completed : Verify Widgets Page Status : failed"}
{"level":"info","message":"Test Case Started : getUsers"}
{"level":"info","message":"Test Case Completed : getUsers Status : failed"}
{"level":"info","message":"Test Case Started : Verify Elements Page."}
{"level":"info","message":"Test Case Completed : Verify Elements Page. Status : failed"}
{"level":"info","message":"Test Case Started : Verify Page Accessibility"}
{"level":"info","message":"Test Case Started : postUsers"}
{"level":"info","message":"Test Case Completed : postUsers Status : failed"}
{"level":"info","message":"Test Case Started : Connect to Postgres DB"}
{"level":"info","message":"Test Case Completed : Connect to Postgres DB Status : failed"}
{"level":"info","message":"Test Case Started : Verify Elements Page."}
{"level":"info","message":"Test Case Started : Verify Alerts, Frame & Windows Page"}
{"level":"info","message":"Test Case Started : Verify Elements Page"}
{"level":"info","message":"Test Case Completed : Verify Elements Page. Status : failed"}
{"level":"info","message":"Test Case Completed : Verify Elements Page Status : failed"}
{"level":"info","message":"Test Case Completed : Verify Alerts, Frame & Windows Page Status : failed"}
{"level":"info","message":"Test Case Started : Generate and verify HAR file for Login Page."}
{"level":"info","message":"Test Case Started : Verify Book Store Login"}
{"level":"info","message":"Test Case Started : Verify Interactions Page"}
{"level":"info","message":"Test Case Completed : Generate and verify HAR file for Login Page. Status : failed"}
{"level":"info","message":"Executing Step : Navigate to Application"}
{"level":"info","message":"Test Case Completed : Verify Book Store Login Status : failed"}
{"level":"info","message":"Test Case Completed : Verify Interactions Page Status : failed"}
{"level":"info","message":"Test Case Started : Verify the text contents of PDF file."}
{"level":"info","message":"Test Case Started : Verify Widgets Page"}
{"level":"info","message":"Test Case Started : Verify Elements Page."}
{"level":"info","message":"Test Case Completed : Verify the text contents of PDF file. Status : passed"}
{"level":"info","message":"Test Case Completed : Verify Widgets Page Status : failed"}
{"level":"info","message":"Test Case Completed : Verify Elements Page. Status : failed"}
{"level":"info","message":"Test Case Started : getUsers"}
{"level":"info","message":"Test Case Started : postUsers"}
{"level":"info","message":"Test Case Completed : postUsers Status : failed"}
{"level":"info","message":"Test Case Completed : getUsers Status : failed"}
{"level":"info","message":"Test Case Started : Verify Page Accessibility"}
{"level":"info","message":"Test Case Completed : Verify Page Accessibility Status : failed"}
{"level":"info","message":"Test Case Started : Connect to Postgres DB"}
{"level":"info","message":"Test Case Completed : Connect to Postgres DB Status : failed"}
{"level":"info","message":"Test Case Started : Verify Elements Page."}
{"level":"info","message":"Test Case Completed : Verify Elements Page. Status : failed"}
{"level":"info","message":"Test Case Started : Verify Alerts, Frame & Windows Page"}
{"level":"info","message":"Test Case Completed : Verify Alerts, Frame & Windows Page Status : failed"}
{"level":"info","message":"Test Case Started : Verify Elements Page"}
{"level":"info","message":"Test Case Completed : Verify Elements Page Status : failed"}
{"level":"info","message":"Test Case Started : Generate and verify HAR file for Login Page."}
{"level":"info","message":"Test Case Completed : Generate and verify HAR file for Login Page. Status : failed"}
{"level":"info","message":"Test Case Started : Verify Interactions Page"}
{"level":"info","message":"Test Case Completed : Verify Interactions Page Status : failed"}
{"level":"info","message":"Test Case Completed : Verify Page Accessibility Status : failed"}
{"level":"info","message":"Test Case Started : Verify Book Store Login"}
{"level":"info","message":"Test Case Completed : Verify Book Store Login Status : failed"}
{"level":"info","message":"Test Case Started : Verify the text contents of PDF file."}
{"level":"info","message":"Test Case Completed : Verify the text contents of PDF file. Status : failed"}
{"level":"info","message":"Test Case Started : Verify Widgets Page"}
{"level":"info","message":"Test Case Completed : Verify Widgets Page Status : failed"}
{"level":"info","message":"Test Case Started : Verify Elements Page."}
{"level":"info","message":"Test Case Completed : Verify Elements Page. Status : failed"}
{"level":"info","message":"Test Case Started : Verify Page Accessibility"}
{"level":"info","message":"Test Case Started : getUsers"}
{"level":"info","message":"Test Case Completed : Verify Page Accessibility Status : failed"}
{"level":"info","message":"Test Case Completed : getUsers Status : failed"}
{"level":"info","message":"Test Case Started : postUsers"}
{"level":"info","message":"Test Case Completed : postUsers Status : failed"}
{"level":"info","message":"Test Case Started : Connect to Postgres DB"}
{"level":"info","message":"Test Case Completed : Connect to Postgres DB Status : failed"}
{"level":"info","message":"Test Case Started : Verify Elements Page."}
{"level":"info","message":"Test Case Completed : Verify Elements Page. Status : failed"}
{"level":"info","message":"Test Case Started : Verify Alerts, Frame & Windows Page"}
{"level":"info","message":"Test Case Completed : Verify Alerts, Frame & Windows Page Status : failed"}
{"level":"info","message":"Test Case Started : Verify Elements Page"}
{"level":"info","message":"Test Case Completed : Verify Elements Page Status : failed"}
{"level":"info","message":"Test Case Started : Generate and verify HAR file for Login Page."}
{"level":"info","message":"Test Case Completed : Generate and verify HAR file for Login Page. Status : failed"}
{"level":"info","message":"Test Case Started : Verify Interactions Page"}
{"level":"info","message":"Test Case Started : Verify Book Store Login"}
{"level":"info","message":"Test Case Completed : Verify Interactions Page Status : failed"}
{"level":"info","message":"Test Case Completed : Verify Book Store Login Status : failed"}
{"level":"info","message":"Test Case Started : Verify the text contents of PDF file."}
{"level":"info","message":"Test Case Completed : Verify the text contents of PDF file. Status : failed"}
{"level":"info","message":"Test Case Started : Verify Widgets Page"}
{"level":"info","message":"Test Case Completed : Verify Widgets Page Status : failed"}
{"level":"info","message":"Test Case Started : Verify Elements Page."}
{"level":"info","message":"Test Case Completed : Verify Elements Page. Status : failed"}
{"level":"info","message":"Test Case Started : Verify Book Store Login"}
{"level":"info","message":"Executing Step : Navigate to Application"}
{"level":"info","message":"Test Case Completed : Verify Book Store Login Status : failed"}
